  Using 'git status' to determine working set for adaptive non-unity build (E:\UnrealProject\Exit_Git\EXIT_Clone\EXIT_Clone).
  Parsing headers for EXITEditor
    Running UnrealHeaderTool "E:\UnrealProject\Exit_Git\EXIT_Clone\EXIT_Clone\EXIT\EXIT.uproject" "E:\UnrealProject\Exit_Git\EXIT_Clone\EXIT_Clone\EXIT\Intermediate\Build\Win64\EXITEditor\Development\EXITEditor.uhtmanifest" -LogCmds="loginit warning, logexit warning, logdatabase error" -Unattended -WarningsAsErrors -abslog="C:\Users\sjso1\AppData\Local\UnrealBuildTool\Log_UHT.txt" -installed
  Reflection code generated for EXITEditor in 17.3570764 seconds
  Building EXITEditor...
  Using Visual Studio 2019 14.28.29914 toolchain (C:\Program Files (x86)\Microsoft Visual Studio\2019\Community\VC\Tools\MSVC\14.28.29910) and Windows 10.0.19041.0 SDK (C:\Program Files (x86)\Windows Kits\10).
  Distributing 5 actions to XGE
  --------------------Build System Warning---------------------------------------
  License is invalid:
      License information is invalid. Please try reloading your license file using the Coordinator Monitor application on the Coordinator machine, or reinstall IncrediBuild.
      This build will run in standalone mode.
  
  -------------------------------------------------------------------------------
  --------------------Project: Default-------------------------------------------
  Boss.cpp (2:56.07 at +0:00)
  Boss.gen.cpp (0:47.81 at +2:56)
  UE4Editor-EXIT-0009.lib (0:00.78 at +3:43)
     E:\UnrealProject\Exit_Git\EXIT_Clone\EXIT_Clone\EXIT\Intermediate\Build\Win64\UE4Editor\Development\EXIT\UE4Editor-EXIT-0009.lib 라이브러리 및 E:\UnrealProject\Exit_Git\EXIT_Clone\EXIT_Clone\EXIT\Intermediate\Build\Win64\UE4Editor\Development\EXIT\UE4Editor-EXIT-0009.exp 개체를 생성하고 있습니다.
  UE4Editor-EXIT-0009.dll (0:00.79 at +3:44)
     E:\UnrealProject\Exit_Git\EXIT_Clone\EXIT_Clone\EXIT\Intermediate\Build\Win64\UE4Editor\Development\EXIT\UE4Editor-EXIT-0009.suppressed.lib 라이브러리 및 E:\UnrealProject\Exit_Git\EXIT_Clone\EXIT_Clone\EXIT\Intermediate\Build\Win64\UE4Editor\Development\EXIT\UE4Editor-EXIT-0009.suppressed.exp 개체를 생성하고 있습니다.
  EXITEditor.target (0:00.18 at +3:45)
  ---------------------- Done ----------------------
  
      Rebuild All: 1 succeeded, 0 failed, 0 skipped
  
  1 build system warning(s):
     - License is invalid
  
  Total time in XGE executor: 226.34 seconds
  Total execution time: 244.74 seconds
